[2025-08-30 13:31:33] [INFO]: ✅ Excel descargado en:
[2025-08-30 13:31:34] [INFO]: SKUs encontrados:5125
[2025-08-30 13:31:38] [INFO]: ✅ Login realizado con éxito
[2025-08-30 13:31:38] [INFO]: 
🔎 Buscando SKU: 5125
[2025-08-30 13:31:52] [INFO]: ✅ Checkboxes activados para este enlace.
[2025-08-30 13:31:56] [INFO]: Opciones detectadas en el DOM:
[2025-08-30 13:31:56] [INFO]: Resumen completo: Está publicado correctamente en Mercado Libre y Está publicado en la web
[2025-08-30 13:31:59] [ERROR]: ❌ Error en el proceso: invalid_grant
[2025-08-30 13:36:35] [INFO]: ✅ Excel descargado en:
[2025-08-30 13:36:35] [INFO]: SKUs encontrados:5125
[2025-08-30 13:36:35] [INFO]: Autoriza esta app visitando este URL:

[2025-08-30 13:36:54] [INFO]: ✅ Excel descargado en:
[2025-08-30 13:36:54] [INFO]: SKUs encontrados:5125
[2025-08-30 13:36:54] [INFO]: Autoriza esta app visitando este URL:

[2025-08-30 13:37:35] [INFO]: ✅ Excel descargado en:
[2025-08-30 13:37:35] [INFO]: SKUs encontrados:5125
[2025-08-30 13:37:35] [INFO]: Autoriza esta app visitando este URL:

[2025-08-30 13:38:17] [INFO]: ✅ Excel descargado en:
[2025-08-30 13:38:17] [INFO]: SKUs encontrados:5125
[2025-08-30 13:38:22] [INFO]: ✅ Login realizado con éxito
[2025-08-30 13:38:22] [INFO]: 
🔎 Buscando SKU: 5125
[2025-08-30 13:38:33] [INFO]: ✅ Checkboxes activados para este enlace.
[2025-08-30 13:38:37] [INFO]: Opciones detectadas en el DOM:
[2025-08-30 13:38:37] [INFO]: Resumen completo: Está publicado correctamente en Mercado Libre y Está publicado en la web
[2025-08-30 13:38:39] [ERROR]: ❌ Error en el proceso: invalid_grant
[2025-08-30 13:43:32] [INFO]: ✅ Excel descargado en:
[2025-08-30 13:43:32] [INFO]: SKUs encontrados:5125
[2025-08-30 13:43:37] [INFO]: ✅ Login realizado con éxito
[2025-08-30 13:43:37] [INFO]: 
🔎 Buscando SKU: 5125
[2025-08-30 13:43:48] [INFO]: ✅ Checkboxes activados para este enlace.
[2025-08-30 13:43:52] [INFO]: Opciones detectadas en el DOM:
[2025-08-30 13:43:52] [INFO]: Resumen completo: Está publicado correctamente en Mercado Libre y Está publicado en la web
[2025-08-30 13:43:54] [ERROR]: ❌ Error en el proceso: invalid_grant
[2025-08-30 13:49:31] [INFO]: ✅ Excel descargado en:
[2025-08-30 13:49:31] [INFO]: SKUs encontrados:5125
[2025-08-30 13:49:31] [INFO]: Abrí este link para autorizar:
https://accounts.google.com/o/oauth2/v2/auth?access_type=offline&prompt=consent&scope=https%3A%2F%2Fwww.googleapis.com%2Fauth%2Fspreadsheets&response_type=code&client_id=395817583391-msd1blmfh9s2oqgb4kphm3322uog7r2t.apps.googleusercontent.com&redirect_uri=http%3A%2F%2Flocalhost%3A3000%2Foauth2callback
[2025-08-30 13:49:31] [INFO]: Esperando autorización en http://localhost:3000/oauth2callback ...
[2025-08-30 13:51:27] [INFO]: Token guardado en token.json
[2025-08-30 13:51:33] [INFO]: ✅ Login realizado con éxito
[2025-08-30 13:51:33] [INFO]: 
🔎 Buscando SKU: 5125
[2025-08-30 13:51:45] [INFO]: ✅ Checkboxes activados para este enlace.
[2025-08-30 13:51:49] [INFO]: Opciones detectadas en el DOM:
[2025-08-30 13:51:49] [INFO]: Resumen completo: Está publicado correctamente en Mercado Libre y Está publicado en la web
[2025-08-30 13:51:53] [INFO]: ✅ Datos actualizados en 5125
[2025-08-30 14:15:42] [INFO]: ✅ Excel descargado en:
[2025-08-30 14:15:42] [INFO]: SKUs encontrados:5125,ACORT2,123465
[2025-08-30 14:15:48] [INFO]: ✅ Login realizado con éxito
[2025-08-30 14:15:48] [INFO]: 
🔎 Buscando SKU: 5125
[2025-08-30 14:16:00] [INFO]: ✅ Checkboxes activados para este enlace.
[2025-08-30 14:16:04] [INFO]: Opciones detectadas en el DOM:
[2025-08-30 14:16:04] [INFO]: Resumen completo: Está publicado correctamente en Mercado Libre y Está publicado en la web
[2025-08-30 14:16:08] [INFO]: ✅ Datos actualizados en 5125
[2025-08-30 14:16:08] [INFO]: 
🔎 Buscando SKU: ACORT2
[2025-08-30 14:16:19] [INFO]: ✅ Checkboxes activados para este enlace.
[2025-08-30 14:16:22] [INFO]: Opciones detectadas en el DOM:
[2025-08-30 14:16:22] [INFO]: Resumen completo: Está publicado correctamente en Mercado Libre y Está publicado en la web
[2025-08-30 14:16:25] [INFO]: ✅ Datos actualizados en ACORT2
[2025-08-30 14:16:25] [INFO]: 
🔎 Buscando SKU: 123465
[2025-08-30 14:16:28] [INFO]: ❌ No se encontraron enlaces para SKU 123465
[2025-08-30 14:16:30] [INFO]: ✅ Datos actualizados en 123465
